This is XeTeX, Version 3.141592653-2.6-0.999996 (TeX Live 2024) (preloaded format=xelatex 2024.8.25)  25 AUG 2024 15:47
entering extended mode
 restricted \write18 enabled.
 %&-line parsing enabled.
**psych-stats-book.tex
(./psych-stats-book.tex
LaTeX2e <2024-06-01> patch level 2
L3 programming layer <2024-07-20>
(c:/Users/Admin/AppData/Roaming/TinyTeX/texmf-dist/tex/latex/base/book.cls
Document Class: book 2024/02/08 v1.4n Standard LaTeX document class
(c:/Users/Admin/AppData/Roaming/TinyTeX/texmf-dist/tex/latex/base/bk10.clo
File: bk10.clo 2024/02/08 v1.4n Standard LaTeX file (size option)
)
\c@part=\count190
\c@chapter=\count191
\c@section=\count192
\c@subsection=\count193
\c@subsubsection=\count194
\c@paragraph=\count195
\c@subparagraph=\count196
\c@figure=\count197
\c@table=\count198
\abovecaptionskip=\skip49
\belowcaptionskip=\skip50
\bibindent=\dimen141
) (c:/Users/Admin/AppData/Roaming/TinyTeX/texmf-dist/tex/latex/amsmath/amsmath.sty
Package: amsmath 2024/05/23 v2.17q AMS math features
\@mathmargin=\skip51
For additional information on amsmath, use the `?' option.
(c:/Users/Admin/AppData/Roaming/TinyTeX/texmf-dist/tex/latex/amsmath/amstext.sty
Package: amstext 2021/08/26 v2.01 AMS text
(c:/Users/Admin/AppData/Roaming/TinyTeX/texmf-dist/tex/latex/amsmath/amsgen.sty
File: amsgen.sty 1999/11/30 v2.0 generic functions
\@emptytoks=\toks17
\ex@=\dimen142
)) (c:/Users/Admin/AppData/Roaming/TinyTeX/texmf-dist/tex/latex/amsmath/amsbsy.sty
Package: amsbsy 1999/11/29 v1.2d Bold Symbols
\pmbraise@=\dimen143
) (c:/Users/Admin/AppData/Roaming/TinyTeX/texmf-dist/tex/latex/amsmath/amsopn.sty
Package: amsopn 2022/04/08 v2.04 operator names
)
\inf@bad=\count199
LaTeX Info: Redefining \frac on input line 233.
\uproot@=\count266
\leftroot@=\count267
LaTeX Info: Redefining \overline on input line 398.
LaTeX Info: Redefining \colon on input line 409.
\classnum@=\count268
\DOTSCASE@=\count269
LaTeX Info: Redefining \ldots on input line 495.
LaTeX Info: Redefining \dots on input line 498.
LaTeX Info: Redefining \cdots on input line 619.
\Mathstrutbox@=\box52
\strutbox@=\box53
LaTeX Info: Redefining \big on input line 721.
LaTeX Info: Redefining \Big on input line 722.
LaTeX Info: Redefining \bigg on input line 723.
LaTeX Info: Redefining \Bigg on input line 724.
\big@size=\dimen144
LaTeX Font Info:    Redeclaring font encoding OML on input line 742.
LaTeX Font Info:    Redeclaring font encoding OMS on input line 743.
\macc@depth=\count270
LaTeX Info: Redefining \bmod on input line 904.
LaTeX Info: Redefining \pmod on input line 909.
LaTeX Info: Redefining \smash on input line 939.
LaTeX Info: Redefining \relbar on input line 969.
LaTeX Info: Redefining \Relbar on input line 970.
\c@MaxMatrixCols=\count271
\dotsspace@=\muskip17
\c@parentequation=\count272
\dspbrk@lvl=\count273
\tag@help=\toks18
\row@=\count274
\column@=\count275
\maxfields@=\count276
\andhelp@=\toks19
\eqnshift@=\dimen145
\alignsep@=\dimen146
\tagshift@=\dimen147
\tagwidth@=\dimen148
\totwidth@=\dimen149
\lineht@=\dimen150
\@envbody=\toks20
\multlinegap=\skip52
\multlinetaggap=\skip53
\mathdisplay@stack=\toks21
LaTeX Info: Redefining \[ on input line 2953.
LaTeX Info: Redefining \] on input line 2954.
) (c:/Users/Admin/AppData/Roaming/TinyTeX/texmf-dist/tex/latex/amsfonts/amssymb.sty
Package: amssymb 2013/01/14 v3.01 AMS font symbols
(c:/Users/Admin/AppData/Roaming/TinyTeX/texmf-dist/tex/latex/amsfonts/amsfonts.sty
Package: amsfonts 2013/01/14 v3.01 Basic AMSFonts support
\symAMSa=\mathgroup4
\symAMSb=\mathgroup5
LaTeX Font Info:    Redeclaring math symbol \hbar on input line 98.
LaTeX Font Info:    Overwriting math alphabet `\mathfrak' in version `bold'
(Font)                  U/euf/m/n --> U/euf/b/n on input line 106.
)) (c:/Users/Admin/AppData/Roaming/TinyTeX/texmf-dist/tex/generic/iftex/iftex.sty
Package: iftex 2022/02/03 v1.0f TeX engine tests
) (c:/Users/Admin/AppData/Roaming/TinyTeX/texmf-dist/tex/latex/unicode-math/unicode-math.sty (c:/Users/Admin/AppData/Roaming/TinyTeX/texmf-dist/tex/latex/l3kernel/expl3.sty
Package: expl3 2024-07-20 L3 programming layer (loader) 
(c:/Users/Admin/AppData/Roaming/TinyTeX/texmf-dist/tex/latex/l3backend/l3backend-xetex.def
File: l3backend-xetex.def 2024-05-08 L3 backend support: XeTeX
\g__graphics_track_int=\count277
\l__pdf_internal_box=\box54
\g__pdf_backend_annotation_int=\count278
\g__pdf_backend_link_int=\count279
))
Package: unicode-math 2023/08/13 v0.8r Unicode maths in XeLaTeX and LuaLaTeX
(c:/Users/Admin/AppData/Roaming/TinyTeX/texmf-dist/tex/latex/unicode-math/unicode-math-xetex.sty
Package: unicode-math-xetex 2023/08/13 v0.8r Unicode maths in XeLaTeX and LuaLaTeX
(c:/Users/Admin/AppData/Roaming/TinyTeX/texmf-dist/tex/latex/l3packages/xparse/xparse.sty
Package: xparse 2024-05-08 L3 Experimental document command parser
) (c:/Users/Admin/AppData/Roaming/TinyTeX/texmf-dist/tex/latex/l3packages/l3keys2e/l3keys2e.sty
Package: l3keys2e 2024-05-08 LaTeX2e option processing using LaTeX3 keys
) (c:/Users/Admin/AppData/Roaming/TinyTeX/texmf-dist/tex/latex/fontspec/fontspec.sty
Package: fontspec 2024/05/11 v2.9e Font selection for XeLaTeX and LuaLaTeX
(c:/Users/Admin/AppData/Roaming/TinyTeX/texmf-dist/tex/latex/fontspec/fontspec-xetex.sty
Package: fontspec-xetex 2024/05/11 v2.9e Font selection for XeLaTeX and LuaLaTeX
\l__fontspec_script_int=\count280
\l__fontspec_language_int=\count281
\l__fontspec_strnum_int=\count282
\l__fontspec_tmp_int=\count283
\l__fontspec_tmpa_int=\count284
\l__fontspec_tmpb_int=\count285
\l__fontspec_tmpc_int=\count286
\l__fontspec_em_int=\count287
\l__fontspec_emdef_int=\count288
\l__fontspec_strong_int=\count289
\l__fontspec_strongdef_int=\count290
\l__fontspec_tmpa_dim=\dimen151
\l__fontspec_tmpb_dim=\dimen152
\l__fontspec_tmpc_dim=\dimen153
(c:/Users/Admin/AppData/Roaming/TinyTeX/texmf-dist/tex/latex/base/fontenc.sty
Package: fontenc 2021/04/29 v2.0v Standard LaTeX package
) (c:/Users/Admin/AppData/Roaming/TinyTeX/texmf-dist/tex/latex/fontspec/fontspec.cfg))) (c:/Users/Admin/AppData/Roaming/TinyTeX/texmf-dist/tex/latex/base/fix-cm.sty
Package: fix-cm 2020/11/24 v1.1t fixes to LaTeX
(c:/Users/Admin/AppData/Roaming/TinyTeX/texmf-dist/tex/latex/base/ts1enc.def
File: ts1enc.def 2001/06/05 v3.0e (jk/car/fm) Standard LaTeX file
LaTeX Font Info:    Redeclaring font encoding TS1 on input line 47.
))
\g__um_fam_int=\count291
\g__um_fonts_used_int=\count292
\l__um_primecount_int=\count293
\g__um_primekern_muskip=\muskip18
(c:/Users/Admin/AppData/Roaming/TinyTeX/texmf-dist/tex/latex/unicode-math/unicode-math-table.tex))) (c:/Users/Admin/AppData/Roaming/TinyTeX/texmf-dist/tex/latex/lm/lmodern.sty
Package: lmodern 2015/05/01 v1.6.1 Latin Modern Fonts
LaTeX Font Info:    Overwriting symbol font `operators' in version `normal'
(Font)                  OT1/cmr/m/n --> OT1/lmr/m/n on input line 22.
LaTeX Font Info:    Overwriting symbol font `letters' in version `normal'
(Font)                  OML/cmm/m/it --> OML/lmm/m/it on input line 23.
LaTeX Font Info:    Overwriting symbol font `symbols' in version `normal'
(Font)                  OMS/cmsy/m/n --> OMS/lmsy/m/n on input line 24.
LaTeX Font Info:    Overwriting symbol font `largesymbols' in version `normal'
(Font)                  OMX/cmex/m/n --> OMX/lmex/m/n on input line 25.
LaTeX Font Info:    Overwriting symbol font `operators' in version `bold'
(Font)                  OT1/cmr/bx/n --> OT1/lmr/bx/n on input line 26.
LaTeX Font Info:    Overwriting symbol font `letters' in version `bold'
(Font)                  OML/cmm/b/it --> OML/lmm/b/it on input line 27.
LaTeX Font Info:    Overwriting symbol font `symbols' in version `bold'
(Font)                  OMS/cmsy/b/n --> OMS/lmsy/b/n on input line 28.
LaTeX Font Info:    Overwriting symbol font `largesymbols' in version `bold'
(Font)                  OMX/cmex/m/n --> OMX/lmex/m/n on input line 29.
LaTeX Font Info:    Overwriting math alphabet `\mathbf' in version `normal'
(Font)                  OT1/cmr/bx/n --> OT1/lmr/bx/n on input line 31.
LaTeX Font Info:    Overwriting math alphabet `\mathsf' in version `normal'
(Font)                  OT1/cmss/m/n --> OT1/lmss/m/n on input line 32.
LaTeX Font Info:    Overwriting math alphabet `\mathit' in version `normal'
(Font)                  OT1/cmr/m/it --> OT1/lmr/m/it on input line 33.
LaTeX Font Info:    Overwriting math alphabet `\mathtt' in version `normal'
(Font)                  OT1/cmtt/m/n --> OT1/lmtt/m/n on input line 34.
LaTeX Font Info:    Overwriting math alphabet `\mathbf' in version `bold'
(Font)                  OT1/cmr/bx/n --> OT1/lmr/bx/n on input line 35.
LaTeX Font Info:    Overwriting math alphabet `\mathsf' in version `bold'
(Font)                  OT1/cmss/bx/n --> OT1/lmss/bx/n on input line 36.
LaTeX Font Info:    Overwriting math alphabet `\mathit' in version `bold'
(Font)                  OT1/cmr/bx/it --> OT1/lmr/bx/it on input line 37.
LaTeX Font Info:    Overwriting math alphabet `\mathtt' in version `bold'
(Font)                  OT1/cmtt/m/n --> OT1/lmtt/m/n on input line 38.
) (c:/Users/Admin/AppData/Roaming/TinyTeX/texmf-dist/tex/latex/microtype/microtype.sty
Package: microtype 2024/03/29 v3.1b Micro-typographical refinements (RS)
(c:/Users/Admin/AppData/Roaming/TinyTeX/texmf-dist/tex/latex/graphics/keyval.sty
Package: keyval 2022/05/29 v1.15 key=value parser (DPC)
\KV@toks@=\toks22
) (c:/Users/Admin/AppData/Roaming/TinyTeX/texmf-dist/tex/latex/etoolbox/etoolbox.sty
Package: etoolbox 2020/10/05 v2.5k e-TeX tools for LaTeX (JAW)
\etb@tempcnta=\count294
)
\MT@toks=\toks23
\MT@tempbox=\box55
\MT@count=\count295
LaTeX Info: Redefining \noprotrusionifhmode on input line 1061.
LaTeX Info: Redefining \leftprotrusion on input line 1062.
\MT@prot@toks=\toks24
LaTeX Info: Redefining \rightprotrusion on input line 1081.
LaTeX Info: Redefining \textls on input line 1392.
\MT@outer@kern=\dimen154
LaTeX Info: Redefining \textmicrotypecontext on input line 2013.
\MT@listname@count=\count296
(c:/Users/Admin/AppData/Roaming/TinyTeX/texmf-dist/tex/latex/microtype/microtype-xetex.def
File: microtype-xetex.def 2024/03/29 v3.1b Definitions specific to xetex (RS)
LaTeX Info: Redefining \lsstyle on input line 238.
)
Package microtype Info: Loading configuration file microtype.cfg.
(c:/Users/Admin/AppData/Roaming/TinyTeX/texmf-dist/tex/latex/microtype/microtype.cfg
File: microtype.cfg 2024/03/29 v3.1b microtype main configuration file (RS)
)) (c:/Users/Admin/AppData/Roaming/TinyTeX/texmf-dist/tex/latex/xcolor/xcolor.sty
Package: xcolor 2023/11/15 v3.01 LaTeX color extensions (UK)
(c:/Users/Admin/AppData/Roaming/TinyTeX/texmf-dist/tex/latex/graphics-cfg/color.cfg
File: color.cfg 2016/01/02 v1.6 sample color configuration
)
Package xcolor Info: Driver file: xetex.def on input line 274.
(c:/Users/Admin/AppData/Roaming/TinyTeX/texmf-dist/tex/latex/graphics-def/xetex.def
File: xetex.def 2022/09/22 v5.0n Graphics/color driver for xetex
) (c:/Users/Admin/AppData/Roaming/TinyTeX/texmf-dist/tex/latex/graphics/mathcolor.ltx)
Package xcolor Info: Model `cmy' substituted by `cmy0' on input line 1350.
Package xcolor Info: Model `RGB' extended on input line 1366.
Package xcolor Info: Model `HTML' substituted by `rgb' on input line 1368.
Package xcolor Info: Model `Hsb' substituted by `hsb' on input line 1369.
Package xcolor Info: Model `tHsb' substituted by `hsb' on input line 1370.
Package xcolor Info: Model `HSB' substituted by `hsb' on input line 1371.
Package xcolor Info: Model `Gray' substituted by `gray' on input line 1372.
Package xcolor Info: Model `wave' substituted by `hsb' on input line 1373.
) (c:/Users/Admin/AppData/Roaming/TinyTeX/texmf-dist/tex/latex/fancyvrb/fancyvrb.sty
Package: fancyvrb 2024/01/20 4.5c verbatim text (tvz,hv)
\FV@CodeLineNo=\count297
\FV@InFile=\read2
\FV@TabBox=\box56
\c@FancyVerbLine=\count298
\FV@StepNumber=\count299
\FV@OutFile=\write3
) (c:/Users/Admin/AppData/Roaming/TinyTeX/texmf-dist/tex/latex/framed/framed.sty
Package: framed 2011/10/22 v 0.96: framed or shaded text with page breaks
\OuterFrameSep=\skip54
\fb@frw=\dimen155
\fb@frh=\dimen156
\FrameRule=\dimen157
\FrameSep=\dimen158
) (c:/Users/Admin/AppData/Roaming/TinyTeX/texmf-dist/tex/latex/tools/longtable.sty
Package: longtable 2024-04-26 v4.20 Multi-page Table package (DPC)
\LTleft=\skip55
\LTright=\skip56
\LTpre=\skip57
\LTpost=\skip58
\LTchunksize=\count300
\LTcapwidth=\dimen159
\LT@head=\box57
\LT@firsthead=\box58
\LT@foot=\box59
\LT@lastfoot=\box60
\LT@gbox=\box61
\LT@cols=\count301
\LT@rows=\count302
\c@LT@tables=\count303
\c@LT@chunks=\count304
\LT@p@ftn=\toks25
) (c:/Users/Admin/AppData/Roaming/TinyTeX/texmf-dist/tex/latex/booktabs/booktabs.sty
Package: booktabs 2020/01/12 v1.61803398 Publication quality tables
\heavyrulewidth=\dimen160
\lightrulewidth=\dimen161
\cmidrulewidth=\dimen162
\belowrulesep=\dimen163
\belowbottomsep=\dimen164
\aboverulesep=\dimen165
\abovetopsep=\dimen166
\cmidrulesep=\dimen167
\cmidrulekern=\dimen168
\defaultaddspace=\dimen169
\@cmidla=\count305
\@cmidlb=\count306
\@aboverulesep=\dimen170
\@belowrulesep=\dimen171
\@thisruleclass=\count307
\@lastruleclass=\count308
\@thisrulewidth=\dimen172
) (c:/Users/Admin/AppData/Roaming/TinyTeX/texmf-dist/tex/latex/tools/array.sty
Package: array 2024/06/14 v2.6d Tabular extension package (FMi)
\col@sep=\dimen173
\ar@mcellbox=\box62
\extrarowheight=\dimen174
\NC@list=\toks26
\extratabsurround=\skip59
\backup@length=\skip60
\ar@cellbox=\box63
) (c:/Users/Admin/AppData/Roaming/TinyTeX/texmf-dist/tex/latex/tools/calc.sty
Package: calc 2023/07/08 v4.3 Infix arithmetic (KKT,FJ)
\calc@Acount=\count309
\calc@Bcount=\count310
\calc@Adimen=\dimen175
\calc@Bdimen=\dimen176
\calc@Askip=\skip61
\calc@Bskip=\skip62
LaTeX Info: Redefining \setlength on input line 80.
LaTeX Info: Redefining \addtolength on input line 81.
\calc@Ccount=\count311
\calc@Cskip=\skip63
) (c:/Users/Admin/AppData/Roaming/TinyTeX/texmf-dist/tex/latex/mdwtools/footnote.sty
Package: footnote 1997/01/28 1.13 Save footnotes around boxes
\fn@notes=\box64
\fn@width=\dimen177
) (c:/Users/Admin/AppData/Roaming/TinyTeX/texmf-dist/tex/latex/graphics/graphicx.sty
Package: graphicx 2021/09/16 v1.2d Enhanced LaTeX Graphics (DPC,SPQR)
(c:/Users/Admin/AppData/Roaming/TinyTeX/texmf-dist/tex/latex/graphics/graphics.sty
Package: graphics 2024/05/23 v1.4g Standard LaTeX Graphics (DPC,SPQR)
(c:/Users/Admin/AppData/Roaming/TinyTeX/texmf-dist/tex/latex/graphics/trig.sty
Package: trig 2023/12/02 v1.11 sin cos tan (DPC)
) (c:/Users/Admin/AppData/Roaming/TinyTeX/texmf-dist/tex/latex/graphics-cfg/graphics.cfg
File: graphics.cfg 2016/06/04 v1.11 sample graphics configuration
)
Package graphics Info: Driver file: xetex.def on input line 106.
)
\Gin@req@height=\dimen178
\Gin@req@width=\dimen179
) (c:/Users/Admin/AppData/Roaming/TinyTeX/texmf-dist/tex/latex/base/fontenc.sty
Package: fontenc 2021/04/29 v2.0v Standard LaTeX package
LaTeX Font Info:    Trying to load font information for T1+lmr on input line 116.
(c:/Users/Admin/AppData/Roaming/TinyTeX/texmf-dist/tex/latex/lm/t1lmr.fd
File: t1lmr.fd 2015/05/01 v1.6.1 Font defs for Latin Modern
)) (c:/Users/Admin/AppData/Roaming/TinyTeX/texmf-dist/tex/latex/geometry/geometry.sty
Package: geometry 2020/01/02 v5.9 Page Geometry
(c:/Users/Admin/AppData/Roaming/TinyTeX/texmf-dist/tex/generic/iftex/ifvtex.sty
Package: ifvtex 2019/10/25 v1.7 ifvtex legacy package. Use iftex instead.
)
\Gm@cnth=\count312
\Gm@cntv=\count313
\c@Gm@tempcnt=\count314
\Gm@bindingoffset=\dimen180
\Gm@wd@mp=\dimen181
\Gm@odd@mp=\dimen182
\Gm@even@mp=\dimen183
\Gm@layoutwidth=\dimen184
\Gm@layoutheight=\dimen185
\Gm@layouthoffset=\dimen186
\Gm@layoutvoffset=\dimen187
\Gm@dimlist=\toks27
) (c:/Users/Admin/AppData/Roaming/TinyTeX/texmf-dist/tex/latex/fancyhdr/fancyhdr.sty
Package: fancyhdr 2024/07/23 v4.3.1 Extensive control of page headers and footers
\f@nch@headwidth=\skip64
\f@nch@O@elh=\skip65
\f@nch@O@erh=\skip66
\f@nch@O@olh=\skip67
\f@nch@O@orh=\skip68
\f@nch@O@elf=\skip69
\f@nch@O@erf=\skip70
\f@nch@O@olf=\skip71
\f@nch@O@orf=\skip72
) (c:/Users/Admin/AppData/Roaming/TinyTeX/texmf-dist/tex/latex/natbib/natbib.sty
Package: natbib 2010/09/13 8.31b (PWD, AO)
\bibhang=\skip73
\bibsep=\skip74
LaTeX Info: Redefining \cite on input line 694.
\c@NAT@ctr=\count315
) (c:/Users/Admin/AppData/Roaming/TinyTeX/texmf-dist/tex/latex/bookmark/bookmark.sty
Package: bookmark 2023-12-10 v1.31 PDF bookmarks (HO)
(c:/Users/Admin/AppData/Roaming/TinyTeX/texmf-dist/tex/latex/hyperref/hyperref.sty
Package: hyperref 2024-07-10 v7.01j Hypertext links for LaTeX
(c:/Users/Admin/AppData/Roaming/TinyTeX/texmf-dist/tex/latex/kvsetkeys/kvsetkeys.sty
Package: kvsetkeys 2022-10-05 v1.19 Key value parser (HO)
) (c:/Users/Admin/AppData/Roaming/TinyTeX/texmf-dist/tex/generic/kvdefinekeys/kvdefinekeys.sty
Package: kvdefinekeys 2019-12-19 v1.6 Define keys (HO)
) (c:/Users/Admin/AppData/Roaming/TinyTeX/texmf-dist/tex/generic/pdfescape/pdfescape.sty
Package: pdfescape 2019/12/09 v1.15 Implements pdfTeX's escape features (HO)
(c:/Users/Admin/AppData/Roaming/TinyTeX/texmf-dist/tex/generic/ltxcmds/ltxcmds.sty
Package: ltxcmds 2023-12-04 v1.26 LaTeX kernel commands for general use (HO)
) (c:/Users/Admin/AppData/Roaming/TinyTeX/texmf-dist/tex/generic/pdftexcmds/pdftexcmds.sty
Package: pdftexcmds 2020-06-27 v0.33 Utility functions of pdfTeX for LuaTeX (HO)
(c:/Users/Admin/AppData/Roaming/TinyTeX/texmf-dist/tex/generic/infwarerr/infwarerr.sty
Package: infwarerr 2019/12/03 v1.5 Providing info/warning/error messages (HO)
)
Package pdftexcmds Info: \pdf@primitive is available.
Package pdftexcmds Info: \pdf@ifprimitive is available.
Package pdftexcmds Info: \pdfdraftmode not found.
)) (c:/Users/Admin/AppData/Roaming/TinyTeX/texmf-dist/tex/latex/hycolor/hycolor.sty
Package: hycolor 2020-01-27 v1.10 Color options for hyperref/bookmark (HO)
) (c:/Users/Admin/AppData/Roaming/TinyTeX/texmf-dist/tex/latex/hyperref/nameref.sty
Package: nameref 2023-11-26 v2.56 Cross-referencing by name of section
(c:/Users/Admin/AppData/Roaming/TinyTeX/texmf-dist/tex/latex/refcount/refcount.sty
Package: refcount 2019/12/15 v3.6 Data extraction from label references (HO)
) (c:/Users/Admin/AppData/Roaming/TinyTeX/texmf-dist/tex/generic/gettitlestring/gettitlestring.sty
Package: gettitlestring 2019/12/15 v1.6 Cleanup title references (HO)
(c:/Users/Admin/AppData/Roaming/TinyTeX/texmf-dist/tex/latex/kvoptions/kvoptions.sty
Package: kvoptions 2022-06-15 v3.15 Key value format for package options (HO)
))
\c@section@level=\count316
) (c:/Users/Admin/AppData/Roaming/TinyTeX/texmf-dist/tex/generic/stringenc/stringenc.sty
Package: stringenc 2019/11/29 v1.12 Convert strings between diff. encodings (HO)
)
\@linkdim=\dimen188
\Hy@linkcounter=\count317
\Hy@pagecounter=\count318
(c:/Users/Admin/AppData/Roaming/TinyTeX/texmf-dist/tex/latex/hyperref/pd1enc.def
File: pd1enc.def 2024-07-10 v7.01j Hyperref: PDFDocEncoding definition (HO)
) (c:/Users/Admin/AppData/Roaming/TinyTeX/texmf-dist/tex/generic/intcalc/intcalc.sty
Package: intcalc 2019/12/15 v1.3 Expandable calculations with integers (HO)
)
\Hy@SavedSpaceFactor=\count319
(c:/Users/Admin/AppData/Roaming/TinyTeX/texmf-dist/tex/latex/hyperref/puenc.def
File: puenc.def 2024-07-10 v7.01j Hyperref: PDF Unicode definition (HO)
)
Package hyperref Info: Option `unicode' set `true' on input line 4040.
Package hyperref Info: Hyper figures OFF on input line 4157.
Package hyperref Info: Link nesting OFF on input line 4162.
Package hyperref Info: Hyper index ON on input line 4165.
Package hyperref Info: Plain pages OFF on input line 4172.
Package hyperref Info: Backreferencing OFF on input line 4177.
Package hyperref Info: Implicit mode ON; LaTeX internals redefined.
Package hyperref Info: Bookmarks ON on input line 4424.
\c@Hy@tempcnt=\count320
(c:/Users/Admin/AppData/Roaming/TinyTeX/texmf-dist/tex/latex/url/url.sty
\Urlmuskip=\muskip19
Package: url 2013/09/16  ver 3.4  Verb mode for urls, etc.
)
LaTeX Info: Redefining \url on input line 4763.
\XeTeXLinkMargin=\dimen189
(c:/Users/Admin/AppData/Roaming/TinyTeX/texmf-dist/tex/generic/bitset/bitset.sty
Package: bitset 2019/12/09 v1.3 Handle bit-vector datatype (HO)
(c:/Users/Admin/AppData/Roaming/TinyTeX/texmf-dist/tex/generic/bigintcalc/bigintcalc.sty
Package: bigintcalc 2019/12/15 v1.5 Expandable calculations on big integers (HO)
))
\Fld@menulength=\count321
\Field@Width=\dimen190
\Fld@charsize=\dimen191
Package hyperref Info: Hyper figures OFF on input line 6042.
Package hyperref Info: Link nesting OFF on input line 6047.
Package hyperref Info: Hyper index ON on input line 6050.
Package hyperref Info: backreferencing OFF on input line 6057.
Package hyperref Info: Link coloring OFF on input line 6062.
Package hyperref Info: Link coloring with OCG OFF on input line 6067.
Package hyperref Info: PDF/A mode OFF on input line 6072.
(c:/Users/Admin/AppData/Roaming/TinyTeX/texmf-dist/tex/latex/base/atbegshi-ltx.sty
Package: atbegshi-ltx 2021/01/10 v1.0c Emulation of the original atbegshi
package with kernel methods
)
\Hy@abspage=\count322
\c@Item=\count323
\c@Hfootnote=\count324
)
Package hyperref Info: Driver (autodetected): hxetex.
(c:/Users/Admin/AppData/Roaming/TinyTeX/texmf-dist/tex/latex/hyperref/hxetex.def
File: hxetex.def 2024-07-10 v7.01j Hyperref driver for XeTeX
\pdfm@box=\box65
\c@Hy@AnnotLevel=\count325
\HyField@AnnotCount=\count326
\Fld@listcount=\count327
\c@bookmark@seq@number=\count328
(c:/Users/Admin/AppData/Roaming/TinyTeX/texmf-dist/tex/latex/rerunfilecheck/rerunfilecheck.sty
Package: rerunfilecheck 2022-07-10 v1.10 Rerun checks for auxiliary files (HO)
(c:/Users/Admin/AppData/Roaming/TinyTeX/texmf-dist/tex/latex/base/atveryend-ltx.sty
Package: atveryend-ltx 2020/08/19 v1.0a Emulation of the original atveryend package
with kernel methods
) (c:/Users/Admin/AppData/Roaming/TinyTeX/texmf-dist/tex/generic/uniquecounter/uniquecounter.sty
Package: uniquecounter 2019/12/15 v1.4 Provide unlimited unique counter (HO)
)
Package uniquecounter Info: New unique counter `rerunfilecheck' on input line 285.
)
\Hy@SectionHShift=\skip75
) (c:/Users/Admin/AppData/Roaming/TinyTeX/texmf-dist/tex/latex/bookmark/bkm-dvipdfm.def
File: bkm-dvipdfm.def 2023-12-10 v1.31 bookmark driver for dvipdfm (HO)
\BKM@id=\count329
)) (./psych-stats-book.aux)
\openout1 = `psych-stats-book.aux'.

LaTeX Font Info:    Checking defaults for OML/cmm/m/it on input line 157.
LaTeX Font Info:    ... okay on input line 157.
LaTeX Font Info:    Checking defaults for OMS/cmsy/m/n on input line 157.
LaTeX Font Info:    ... okay on input line 157.
LaTeX Font Info:    Checking defaults for OT1/cmr/m/n on input line 157.
LaTeX Font Info:    ... okay on input line 157.
LaTeX Font Info:    Checking defaults for T1/cmr/m/n on input line 157.
LaTeX Font Info:    ... okay on input line 157.
LaTeX Font Info:    Checking defaults for TS1/cmr/m/n on input line 157.
LaTeX Font Info:    ... okay on input line 157.
LaTeX Font Info:    Checking defaults for TU/lmr/m/n on input line 157.
LaTeX Font Info:    ... okay on input line 157.
LaTeX Font Info:    Checking defaults for OMX/cmex/m/n on input line 157.
LaTeX Font Info:    ... okay on input line 157.
LaTeX Font Info:    Checking defaults for U/cmr/m/n on input line 157.
LaTeX Font Info:    ... okay on input line 157.
LaTeX Font Info:    Checking defaults for PD1/pdf/m/n on input line 157.
LaTeX Font Info:    ... okay on input line 157.
LaTeX Font Info:    Checking defaults for PU/pdf/m/n on input line 157.
LaTeX Font Info:    ... okay on input line 157.
LaTeX Font Info:    Overwriting math alphabet `\mathrm' in version `normal'
(Font)                  OT1/lmr/m/n --> TU/lmr/m/n on input line 157.
LaTeX Font Info:    Overwriting math alphabet `\mathit' in version `normal'
(Font)                  OT1/lmr/m/it --> TU/lmr/m/it on input line 157.
LaTeX Font Info:    Overwriting math alphabet `\mathbf' in version `normal'
(Font)                  OT1/lmr/bx/n --> TU/lmr/bx/n on input line 157.
LaTeX Font Info:    Overwriting math alphabet `\mathsf' in version `normal'
(Font)                  OT1/lmss/m/n --> TU/lmss/m/n on input line 157.
LaTeX Font Info:    Overwriting math alphabet `\mathsf' in version `bold'
(Font)                  OT1/lmss/bx/n --> TU/lmss/bx/n on input line 157.
LaTeX Font Info:    Overwriting math alphabet `\mathtt' in version `normal'
(Font)                  OT1/lmtt/m/n --> TU/lmtt/m/n on input line 157.
LaTeX Font Info:    Overwriting math alphabet `\mathtt' in version `bold'
(Font)                  OT1/lmtt/m/n --> TU/lmtt/bx/n on input line 157.

Package fontspec Info: 
(fontspec)             latinmodern-math scale = 0.9989520677190833.


Package fontspec Info: 
(fontspec)             latinmodern-math scale = 0.9989520677190833.


Package fontspec Info: 
(fontspec)             latinmodern-math scale = 0.9989520677190833.


Package fontspec Info: 
(fontspec)             Font family 'latinmodern-math.otf(0)' created for font
(fontspec)             'latinmodern-math.otf' with options
(fontspec)             [Scale=MatchLowercase,BoldItalicFont={},ItalicFont={},SmallCapsFont={},Script=Math,BoldFont={latinmodern-math.otf}].
(fontspec)              
(fontspec)              This font family consists of the following NFSS
(fontspec)             series/shapes:
(fontspec)              
(fontspec)             - 'normal' (m/n) with NFSS spec.:
(fontspec)             <->s*[0.9989520677190833]"[latinmodern-math.otf]/OT:script=math;language=dflt;"
(fontspec)             - 'bold' (b/n) with NFSS spec.:
(fontspec)             <->s*[0.9989520677190833]"[latinmodern-math.otf]/OT:script=math;language=dflt;"

LaTeX Font Info:    Trying to load font information for T1+latinmodern-math.otf(0) on input line 157.
LaTeX Font Info:    No file T1latinmodern-math.otf(0).fd. on input line 157.

LaTeX Font Warning: Font shape `T1/latinmodern-math.otf(0)/m/n' undefined
(Font)              using `T1/cmr/m/n' instead on input line 157.


Package unicode-math Warning: The first font loaded by unicode-math must be an
(unicode-math)                OpenType Math font (with script=math). If you
(unicode-math)                simply want ‘the default’ before loading
(unicode-math)                supplementary fonts over the top for certain
(unicode-math)                ranges, use: 
(unicode-math)                  \setmathfont{latinmodern-math.otf}


Package fontspec Info: 
(fontspec)             latinmodern-math scale = 0.9989520677190833.


Package fontspec Info: 
(fontspec)             latinmodern-math scale = 0.9989520677190833.


Package fontspec Info: 
(fontspec)             latinmodern-math scale = 0.9989520677190833.


Package fontspec Info: 
(fontspec)             latinmodern-math scale = 0.9989520677190833.


Package fontspec Info: 
(fontspec)             latinmodern-math scale = 0.9989520677190833.


Package fontspec Info: 
(fontspec)             Font family 'latinmodern-math.otf(1)' created for font
(fontspec)             'latinmodern-math.otf' with options
(fontspec)             [Scale=MatchLowercase,BoldItalicFont={},ItalicFont={},SmallCapsFont={},Script=Math,SizeFeatures={{Size=0-},{Size=0-0,Font=latinmodern-math.otf,Style=MathScript},{Size=-0,Font=latinmodern-math.otf,Style=MathScriptScript}},BoldFont={latinmodern-math.otf}].
(fontspec)              
(fontspec)              This font family consists of the following NFSS
(fontspec)             series/shapes:
(fontspec)              
(fontspec)             - 'normal' (m/n) with NFSS spec.:
(fontspec)             <0->s*[0.9989520677190833]"[latinmodern-math.otf]/OT:script=math;language=dflt;"<0-0>s*[0.9989520677190833]"[latinmodern-math.otf]/OT:script=math;language=dflt;+ssty=0;"<-0>s*[0.9989520677190833]"[latinmodern-math.otf]/OT:script=math;language=dflt;+ssty=1;"
(fontspec)             - 'bold' (b/n) with NFSS spec.:
(fontspec)             <->s*[0.9989520677190833]"[latinmodern-math.otf]/OT:script=math;language=dflt;"

LaTeX Font Info:    Trying to load font information for T1+latinmodern-math.otf(1) on input line 157.
LaTeX Font Info:    No file T1latinmodern-math.otf(1).fd. on input line 157.

LaTeX Font Warning: Font shape `T1/latinmodern-math.otf(1)/m/n' undefined
(Font)              using `T1/cmr/m/n' instead on input line 157.

LaTeX Font Info:    Encoding `OT1' has changed to `T1' for symbol font
(Font)              `operators' in the math version `normal' on input line 157.
LaTeX Font Info:    Overwriting symbol font `operators' in version `normal'
(Font)                  OT1/lmr/m/n --> T1/latinmodern-math.otf(1)/m/n on input line 157.
LaTeX Font Info:    Encoding `OT1' has changed to `T1' for symbol font
(Font)              `operators' in the math version `bold' on input line 157.
LaTeX Font Info:    Overwriting symbol font `operators' in version `bold'
(Font)                  OT1/lmr/bx/n --> T1/latinmodern-math.otf(1)/b/n on input line 157.
LaTeX Info: Redefining \microtypecontext on input line 157.
Package microtype Info: Applying patch `item' on input line 157.
Package microtype Info: Applying patch `toc' on input line 157.
Package microtype Info: Applying patch `eqnum' on input line 157.
Package microtype Info: Applying patch `footnote' on input line 157.
Package microtype Info: Applying patch `verbatim' on input line 157.
Package microtype Info: Character protrusion enabled (level 2).
Package microtype Info: Using protrusion set `basicmath'.
Package microtype Info: No adjustment of tracking.
Package microtype Info: No adjustment of spacing.
Package microtype Info: No adjustment of kerning.
(c:/Users/Admin/AppData/Roaming/TinyTeX/texmf-dist/tex/latex/microtype/mt-LatinModernRoman.cfg
File: mt-LatinModernRoman.cfg 2021/02/21 v1.1 microtype config. file: Latin Modern Roman (RS)
)
Package microtype Info: Loading generic protrusion settings for font family
(microtype)             `lmr' (encoding: T1).
(microtype)             For optimal results, create family-specific settings.
(microtype)             See the microtype manual for details.
*geometry* driver: auto-detecting
*geometry* detected driver: xetex
*geometry* verbose mode - [ preamble ] result:
* driver: xetex
* paper: <default>
* layout: <same size as paper>
* layoutoffset:(h,v)=(0.0pt,0.0pt)
* modes: twoside 
* h-part:(L,W,R)=(72.26999pt, 469.75502pt, 72.26999pt)
* v-part:(T,H,B)=(72.26999pt, 650.43001pt, 72.26999pt)
* \paperwidth=614.295pt
* \paperheight=794.96999pt
* \textwidth=469.75502pt
* \textheight=650.43001pt
* \oddsidemargin=0.0pt
* \evensidemargin=0.0pt
* \topmargin=-30.06749pt
* \headheight=12.0pt
* \headsep=18.06749pt
* \topskip=10.0pt
* \footskip=25.29494pt
* \marginparwidth=125.0pt
* \marginparsep=7.0pt
* \columnsep=10.0pt
* \skip\footins=9.0pt plus 4.0pt minus 2.0pt
* \hoffset=0.0pt
* \voffset=0.0pt
* \mag=1000
* \@twocolumnfalse
* \@twosidetrue
* \@mparswitchtrue
* \@reversemarginfalse
* (1in=72.27pt=25.4mm, 1cm=28.453pt)

Package hyperref Info: Link coloring OFF on input line 157.
LaTeX Font Info:    Trying to load font information for OML+lmm on input line 159.
(c:/Users/Admin/AppData/Roaming/TinyTeX/texmf-dist/tex/latex/lm/omllmm.fd
File: omllmm.fd 2015/05/01 v1.6.1 Font defs for Latin Modern
)
LaTeX Font Info:    Trying to load font information for OMS+lmsy on input line 159.
(c:/Users/Admin/AppData/Roaming/TinyTeX/texmf-dist/tex/latex/lm/omslmsy.fd
File: omslmsy.fd 2015/05/01 v1.6.1 Font defs for Latin Modern
)
LaTeX Font Info:    Trying to load font information for OMX+lmex on input line 159.
(c:/Users/Admin/AppData/Roaming/TinyTeX/texmf-dist/tex/latex/lm/omxlmex.fd
File: omxlmex.fd 2015/05/01 v1.6.1 Font defs for Latin Modern
)
LaTeX Font Info:    External font `lmex10' loaded for size
(Font)              <12> on input line 159.
LaTeX Font Info:    External font `lmex10' loaded for size
(Font)              <8> on input line 159.
LaTeX Font Info:    External font `lmex10' loaded for size
(Font)              <6> on input line 159.
LaTeX Font Info:    Trying to load font information for U+msa on input line 159.
(c:/Users/Admin/AppData/Roaming/TinyTeX/texmf-dist/tex/latex/amsfonts/umsa.fd
File: umsa.fd 2013/01/14 v3.01 AMS symbols A
) (c:/Users/Admin/AppData/Roaming/TinyTeX/texmf-dist/tex/latex/microtype/mt-msa.cfg
File: mt-msa.cfg 2006/02/04 v1.1 microtype config. file: AMS symbols (a) (RS)
)
LaTeX Font Info:    Trying to load font information for U+msb on input line 159.
(c:/Users/Admin/AppData/Roaming/TinyTeX/texmf-dist/tex/latex/amsfonts/umsb.fd
File: umsb.fd 2013/01/14 v3.01 AMS symbols B
) (c:/Users/Admin/AppData/Roaming/TinyTeX/texmf-dist/tex/latex/microtype/mt-msb.cfg
File: mt-msb.cfg 2005/06/01 v1.0 microtype config. file: AMS symbols (b) (RS)
)

[1


] (./psych-stats-book.toc
LaTeX Font Info:    External font `lmex10' loaded for size
(Font)              <10> on input line 2.
LaTeX Font Info:    External font `lmex10' loaded for size
(Font)              <7> on input line 2.
LaTeX Font Info:    External font `lmex10' loaded for size
(Font)              <5> on input line 2.


[2

]
LaTeX Font Info:    Trying to load font information for T1+lmtt on input line 239.
(c:/Users/Admin/AppData/Roaming/TinyTeX/texmf-dist/tex/latex/lm/t1lmtt.fd
File: t1lmtt.fd 2015/05/01 v1.6.1 Font defs for Latin Modern
)

[3]

[4]

[5])
\tf@toc=\write4
\openout4 = `psych-stats-book.toc'.



[6]

[7

]

[8]
Chapter 1.
File: images/r-proj-site.png Graphic file (type bmp)
<images/r-proj-site.png>

Underfull \hbox (badness 10000) in paragraph at lines 234--235
[][]
 []



[9

]
File: images/r-studio.png Graphic file (type bmp)
<images/r-studio.png>

Underfull \hbox (badness 10000) in paragraph at lines 260--261
[][]
 []



[10]
File: images/ch1-Rplot.png Graphic file (type bmp)
<images/ch1-Rplot.png>

Underfull \hbox (badness 10000) in paragraph at lines 285--286
[][]
 []



[11]
File: images/r-windows.png Graphic file (type bmp)
<images/r-windows.png>
File: images/r-windows-1st.png Graphic file (type bmp)
<images/r-windows-1st.png>
File: images/r-mac.png Graphic file (type bmp)
<images/r-mac.png>
File: images/r-mac-version.png Graphic file (type bmp)
<images/r-mac-version.png>


[12]

[13]

[14]
File: images/r-studio-windows.png Graphic file (type bmp)
<images/r-studio-windows.png>


[15]
File: images/r-studio-mac.png Graphic file (type bmp)
<images/r-studio-mac.png>


[16]
LaTeX Font Info:    Font shape `T1/lmtt/bx/n' in size <10> not available
(Font)              Font shape `T1/lmtt/b/n' tried instead on input line 459.
File: images/r-studio.png Graphic file (type bmp)
<images/r-studio.png>

Underfull \hbox (badness 10000) in paragraph at lines 476--477
[][]
 []

File: images/r-console.png Graphic file (type bmp)
<images/r-console.png>


[17]
File: images/r-source.png Graphic file (type bmp)
<images/r-source.png>

Overfull \hbox (120.82344pt too wide) in paragraph at lines 502--503
\T1/lmr/m/n/10 shared, and run re-peat-edly. [] 
 []

File: images/r-env.png Graphic file (type bmp)
<images/r-env.png>

Overfull \hbox (150.70605pt too wide) in paragraph at lines 512--513
\T1/lmr/m/n/10 or re-running pre-vi-ous com-mands. [] 
 []


Underfull \vbox (badness 10000) has occurred while \output is active []



[18]
File: images/r-help.png Graphic file (type bmp)
<images/r-help.png>


[19]
File: images/r-new_script.png Graphic file (type bmp)
<images/r-new_script.png>
File: images/r-floppy.png Graphic file (type bmp)
<images/r-floppy.png>


[20]
File: images/r-import.png Graphic file (type bmp)
<images/r-import.png>


[21]
LaTeX Font Info:    Trying to load font information for TS1+lmtt on input line 681.
(c:/Users/Admin/AppData/Roaming/TinyTeX/texmf-dist/tex/latex/lm/ts1lmtt.fd
File: ts1lmtt.fd 2015/05/01 v1.6.1 Font defs for Latin Modern
)
File: images/r-rmd.png Graphic file (type bmp)
<images/r-rmd.png>

Underfull \hbox (badness 10000) in paragraph at lines 718--720

 []

File: images/r-chunk.png Graphic file (type bmp)
<images/r-chunk.png>


[22]

[23]

[24]

[25]

[26]

[27]

[28]
Chapter 2.


[29

]

[30]

[31]

[32]

[33]

[34]

[35]

[36]
Chapter 3.


[37

]

[38]

[39]

[40]

[41]

[42]

[43]

[44]

[45]

[46]

[47]

[48]

[49]
Chapter 4.


[50

]


Package fancyhdr Warning: \headheight is too small (12.0pt): 
(fancyhdr)                Make it at least 22.48878pt, for example:
(fancyhdr)                \setlength{\headheight}{22.48878pt}.
(fancyhdr)                You might also make \topmargin smaller to compensate:
(fancyhdr)                \addtolength{\topmargin}{-10.48878pt}.

[51]


Package fancyhdr Warning: \headheight is too small (12.0pt): 
(fancyhdr)                Make it at least 22.48878pt, for example:
(fancyhdr)                \setlength{\headheight}{22.48878pt}.
(fancyhdr)                You might also make \topmargin smaller to compensate:
(fancyhdr)                \addtolength{\topmargin}{-10.48878pt}.

[52]


Package fancyhdr Warning: \headheight is too small (12.0pt): 
(fancyhdr)                Make it at least 22.48878pt, for example:
(fancyhdr)                \setlength{\headheight}{22.48878pt}.
(fancyhdr)                You might also make \topmargin smaller to compensate:
(fancyhdr)                \addtolength{\topmargin}{-10.48878pt}.

[53]
Missing character: There is no 𝜎 ("1D70E) in font ecrm1000!
Missing character: There is no 𝜎 ("1D70E) in font ecrm1000!
Missing character: There is no ∑ ("2211) in font ecrm1000!
Missing character: There is no − ("2212) in font ecrm1000!
Missing character: There is no 𝜎 ("1D70E) in font ecrm1000!
Missing character: There is no 𝜎 ("1D70E) in font ecrm1000!
Missing character: There is no 𝜎 ("1D70E) in font ecrm1000!
Missing character: There is no ∑ ("2211) in font ecrm1000!
Missing character: There is no − ("2212) in font ecrm1000!
Missing character: There is no 𝜎 ("1D70E) in font ecrm1000!



Package fancyhdr Warning: \headheight is too small (12.0pt): 
(fancyhdr)                Make it at least 22.48878pt, for example:
(fancyhdr)                \setlength{\headheight}{22.48878pt}.
(fancyhdr)                You might also make \topmargin smaller to compensate:
(fancyhdr)                \addtolength{\topmargin}{-10.48878pt}.

[54]


Package fancyhdr Warning: \headheight is too small (12.0pt): 
(fancyhdr)                Make it at least 22.48878pt, for example:
(fancyhdr)                \setlength{\headheight}{22.48878pt}.
(fancyhdr)                You might also make \topmargin smaller to compensate:
(fancyhdr)                \addtolength{\topmargin}{-10.48878pt}.

[55]
File: psych-stats-book_files/figure-latex/unnamed-chunk-15-1.pdf Graphic file (type pdf)
<use psych-stats-book_files/figure-latex/unnamed-chunk-15-1.pdf>



Package fancyhdr Warning: \headheight is too small (12.0pt): 
(fancyhdr)                Make it at least 22.48878pt, for example:
(fancyhdr)                \setlength{\headheight}{22.48878pt}.
(fancyhdr)                You might also make \topmargin smaller to compensate:
(fancyhdr)                \addtolength{\topmargin}{-10.48878pt}.

[56]
Missing character: There is no μ ("3BC) in font ec-lmr10!
Missing character: There is no σ ("3C3) in font ec-lmr10!



Package fancyhdr Warning: \headheight is too small (12.0pt): 
(fancyhdr)                Make it at least 22.48878pt, for example:
(fancyhdr)                \setlength{\headheight}{22.48878pt}.
(fancyhdr)                You might also make \topmargin smaller to compensate:
(fancyhdr)                \addtolength{\topmargin}{-10.48878pt}.

[57]
File: psych-stats-book_files/figure-latex/unnamed-chunk-17-1.pdf Graphic file (type pdf)
<use psych-stats-book_files/figure-latex/unnamed-chunk-17-1.pdf>

Underfull \vbox (badness 10000) has occurred while \output is active []




Package fancyhdr Warning: \headheight is too small (12.0pt): 
(fancyhdr)                Make it at least 22.48878pt, for example:
(fancyhdr)                \setlength{\headheight}{22.48878pt}.
(fancyhdr)                You might also make \topmargin smaller to compensate:
(fancyhdr)                \addtolength{\topmargin}{-10.48878pt}.

[58]


Package fancyhdr Warning: \headheight is too small (12.0pt): 
(fancyhdr)                Make it at least 22.48878pt, for example:
(fancyhdr)                \setlength{\headheight}{22.48878pt}.
(fancyhdr)                You might also make \topmargin smaller to compensate:
(fancyhdr)                \addtolength{\topmargin}{-10.48878pt}.

[59]
File: psych-stats-book_files/figure-latex/unnamed-chunk-19-1.pdf Graphic file (type pdf)
<use psych-stats-book_files/figure-latex/unnamed-chunk-19-1.pdf>



Package fancyhdr Warning: \headheight is too small (12.0pt): 
(fancyhdr)                Make it at least 22.48878pt, for example:
(fancyhdr)                \setlength{\headheight}{22.48878pt}.
(fancyhdr)                You might also make \topmargin smaller to compensate:
(fancyhdr)                \addtolength{\topmargin}{-10.48878pt}.

[60]
Missing character: There is no ∈ ("2208) in font ecrm1000!
Missing character: There is no ∣ ("2223) in font ecrm1000!



Package fancyhdr Warning: \headheight is too small (12.0pt): 
(fancyhdr)                Make it at least 22.48878pt, for example:
(fancyhdr)                \setlength{\headheight}{22.48878pt}.
(fancyhdr)                You might also make \topmargin smaller to compensate:
(fancyhdr)                \addtolength{\topmargin}{-10.48878pt}.

[61]


Package fancyhdr Warning: \headheight is too small (12.0pt): 
(fancyhdr)                Make it at least 22.48878pt, for example:
(fancyhdr)                \setlength{\headheight}{22.48878pt}.
(fancyhdr)                You might also make \topmargin smaller to compensate:
(fancyhdr)                \addtolength{\topmargin}{-10.48878pt}.

[62]


Package fancyhdr Warning: \headheight is too small (12.0pt): 
(fancyhdr)                Make it at least 22.48878pt, for example:
(fancyhdr)                \setlength{\headheight}{22.48878pt}.
(fancyhdr)                You might also make \topmargin smaller to compensate:
(fancyhdr)                \addtolength{\topmargin}{-10.48878pt}.

[63]


Package fancyhdr Warning: \headheight is too small (12.0pt): 
(fancyhdr)                Make it at least 22.48878pt, for example:
(fancyhdr)                \setlength{\headheight}{22.48878pt}.
(fancyhdr)                You might also make \topmargin smaller to compensate:
(fancyhdr)                \addtolength{\topmargin}{-10.48878pt}.

[64]
Chapter 5.


[65

]

[66]

[67]
LaTeX Font Info:    Font shape `T1/lmtt/bx/n' in size <12> not available
(Font)              Font shape `T1/lmtt/b/n' tried instead on input line 3143.


[68]

[69]

[70]

[71]

[72]

[73]

[74]
LaTeX Font Info:    Font shape `T1/lmtt/bx/n' in size <14.4> not available
(Font)              Font shape `T1/lmtt/b/n' tried instead on input line 3580.


[75]

[76]
File: psych-stats-book_files/figure-latex/unnamed-chunk-39-1.pdf Graphic file (type pdf)
<use psych-stats-book_files/figure-latex/unnamed-chunk-39-1.pdf>


[77]
File: psych-stats-book_files/figure-latex/Create pair panels-1.pdf Graphic file (type pdf)
<use psych-stats-book_files/figure-latex/Create pair panels-1.pdf>


[78]

[79]

[80]

[81]
Overfull \hbox (23.74355pt too wide) in paragraph at lines 3985--3985
[]    \T1/lmtt/m/n/10 -   Create a new column `age_group` based on `participant_age` (Above 30 or 30 and Below).[] 
 []



[82]
Overfull \hbox (18.49356pt too wide) in paragraph at lines 4015--4015
[]\T1/lmtt/m/n/10 2.  Generate descriptive statistics using the `describe()` function from the `psych` package.[] 
 []



[83]
Chapter 6.


[84

]

[85]
Missing character: There is no ̄ ("304) in font ecrm1000!
Missing character: There is no − ("2212) in font ecrm1000!
Missing character: There is no ̄ ("304) in font ecrm1000!
Missing character: There is no ̄ ("304) in font ecrm1000!
Missing character: There is no ̄ ("304) in font ecrm1000!
Missing character: There is no ̄ ("304) in font ecrm1000!


[86]
File: psych-stats-book_files/figure-latex/unnamed-chunk-44-1.pdf Graphic file (type pdf)
<use psych-stats-book_files/figure-latex/unnamed-chunk-44-1.pdf>


[87]

[88]
Missing character: There is no − ("2212) in font ecrm1000!
Missing character: There is no ̄ ("304) in font ecrm1000!
Missing character: There is no 𝜎 ("1D70E) in font ecrm1000!
Missing character: There is no ̄ ("304) in font ecrm1000!
Missing character: There is no 𝜎 ("1D70E) in font ecrm1000!
Missing character: There is no ̄ ("304) in font ecrm1000!
Missing character: There is no 𝜎 ("1D70E) in font ecrm1000!
Missing character: There is no ̄ ("304) in font ecrm1000!
Missing character: There is no 𝜎 ("1D70E) in font ecrm1000!
Missing character: There is no − ("2212) in font ecrm1000!
Missing character: There is no − ("2212) in font ecrm1000!
Missing character: There is no ⋯ ("22EF) in font ecrm1000!
Missing character: There is no − ("2212) in font ecrm1000!
Missing character: There is no − ("2212) in font ecrm1000!
Missing character: There is no − ("2212) in font ecrm1000!


[89]
File: psych-stats-book_files/figure-latex/unnamed-chunk-46-1.pdf Graphic file (type pdf)
<use psych-stats-book_files/figure-latex/unnamed-chunk-46-1.pdf>

Underfull \vbox (badness 10000) has occurred while \output is active []



[90]

[91]

[92]
File: psych-stats-book_files/figure-latex/unnamed-chunk-48-1.pdf Graphic file (type pdf)
<use psych-stats-book_files/figure-latex/unnamed-chunk-48-1.pdf>


[93]

[94]

[95]

[96]
File: psych-stats-book_files/figure-latex/unnamed-chunk-50-1.pdf Graphic file (type pdf)
<use psych-stats-book_files/figure-latex/unnamed-chunk-50-1.pdf>


[97]

[98]

[99]

[100]

[101]
Chapter 7.


[102

]

[103]
File: psych-stats-book_files/figure-latex/unnamed-chunk-55-1.pdf Graphic file (type pdf)
<use psych-stats-book_files/figure-latex/unnamed-chunk-55-1.pdf>
File: psych-stats-book_files/figure-latex/unnamed-chunk-57-1.pdf Graphic file (type pdf)
<use psych-stats-book_files/figure-latex/unnamed-chunk-57-1.pdf>


[104]

[105]
File: psych-stats-book_files/figure-latex/unnamed-chunk-60-1.pdf Graphic file (type pdf)
<use psych-stats-book_files/figure-latex/unnamed-chunk-60-1.pdf>


[106]
File: psych-stats-book_files/figure-latex/unnamed-chunk-61-1.pdf Graphic file (type pdf)
<use psych-stats-book_files/figure-latex/unnamed-chunk-61-1.pdf>
File: psych-stats-book_files/figure-latex/unnamed-chunk-62-1.pdf Graphic file (type pdf)
<use psych-stats-book_files/figure-latex/unnamed-chunk-62-1.pdf>


[107]
File: psych-stats-book_files/figure-latex/unnamed-chunk-63-1.pdf Graphic file (type pdf)
<use psych-stats-book_files/figure-latex/unnamed-chunk-63-1.pdf>

Underfull \vbox (badness 10000) has occurred while \output is active []



[108]

[109]
File: psych-stats-book_files/figure-latex/unnamed-chunk-67-1.pdf Graphic file (type pdf)
<use psych-stats-book_files/figure-latex/unnamed-chunk-67-1.pdf>

Underfull \vbox (badness 6316) has occurred while \output is active []



[110]

[111]
File: psych-stats-book_files/figure-latex/unnamed-chunk-68-1.pdf Graphic file (type pdf)
<use psych-stats-book_files/figure-latex/unnamed-chunk-68-1.pdf>

Underfull \hbox (badness 10000) in paragraph at lines 5614--5616
[][]
 []

File: psych-stats-book_files/figure-latex/unnamed-chunk-69-1.pdf Graphic file (type pdf)
<use psych-stats-book_files/figure-latex/unnamed-chunk-69-1.pdf>

Underfull \hbox (badness 10000) in paragraph at lines 5643--5645
[][]
 []


Underfull \vbox (badness 10000) has occurred while \output is active []



[112]
File: psych-stats-book_files/figure-latex/unnamed-chunk-70-1.pdf Graphic file (type pdf)
<use psych-stats-book_files/figure-latex/unnamed-chunk-70-1.pdf>

Underfull \hbox (badness 10000) in paragraph at lines 5673--5675
[][]
 []


Underfull \vbox (badness 10000) has occurred while \output is active []



[113]
File: psych-stats-book_files/figure-latex/unnamed-chunk-71-1.pdf Graphic file (type pdf)
<use psych-stats-book_files/figure-latex/unnamed-chunk-71-1.pdf>

Underfull \hbox (badness 10000) in paragraph at lines 5701--5703
[][]
 []


Underfull \vbox (badness 10000) has occurred while \output is active []



[114]
File: psych-stats-book_files/figure-latex/unnamed-chunk-72-1.pdf Graphic file (type pdf)
<use psych-stats-book_files/figure-latex/unnamed-chunk-72-1.pdf>

Underfull \hbox (badness 10000) in paragraph at lines 5743--5745
[][]
 []


Underfull \vbox (badness 2126) has occurred while \output is active []



[115]
File: psych-stats-book_files/figure-latex/unnamed-chunk-73-1.pdf Graphic file (type pdf)
<use psych-stats-book_files/figure-latex/unnamed-chunk-73-1.pdf>

Underfull \hbox (badness 10000) in paragraph at lines 5773--5775
[][]
 []


Underfull \vbox (badness 10000) has occurred while \output is active []



[116]
File: psych-stats-book_files/figure-latex/unnamed-chunk-74-1.pdf Graphic file (type pdf)
<use psych-stats-book_files/figure-latex/unnamed-chunk-74-1.pdf>

Underfull \hbox (badness 10000) in paragraph at lines 5802--5804
[][]
 []


Underfull \vbox (badness 10000) has occurred while \output is active []



[117]
File: psych-stats-book_files/figure-latex/unnamed-chunk-75-1.pdf Graphic file (type pdf)
<use psych-stats-book_files/figure-latex/unnamed-chunk-75-1.pdf>

Underfull \hbox (badness 10000) in paragraph at lines 5834--5836
[][]
 []


Underfull \vbox (badness 10000) has occurred while \output is active []



[118]
File: psych-stats-book_files/figure-latex/unnamed-chunk-76-1.pdf Graphic file (type pdf)
<use psych-stats-book_files/figure-latex/unnamed-chunk-76-1.pdf>

Underfull \hbox (badness 10000) in paragraph at lines 5862--5864
[][]
 []


Underfull \vbox (badness 10000) has occurred while \output is active []



[119]
File: psych-stats-book_files/figure-latex/unnamed-chunk-77-1.pdf Graphic file (type pdf)
<use psych-stats-book_files/figure-latex/unnamed-chunk-77-1.pdf>

Underfull \hbox (badness 10000) in paragraph at lines 5890--5892
[][]
 []


Underfull \vbox (badness 10000) has occurred while \output is active []



[120]
File: psych-stats-book_files/figure-latex/unnamed-chunk-78-1.pdf Graphic file (type pdf)
<use psych-stats-book_files/figure-latex/unnamed-chunk-78-1.pdf>

Underfull \hbox (badness 10000) in paragraph at lines 5922--5924
[][]
 []


Underfull \vbox (badness 10000) has occurred while \output is active []



[121]
File: psych-stats-book_files/figure-latex/unnamed-chunk-79-1.pdf Graphic file (type pdf)
<use psych-stats-book_files/figure-latex/unnamed-chunk-79-1.pdf>

Underfull \hbox (badness 10000) in paragraph at lines 5950--5952
[][]
 []


Underfull \vbox (badness 10000) has occurred while \output is active []



[122]
Overfull \hbox (359.74257pt too wide) in paragraph at lines 5983--5983
[]\T1/lmtt/m/n/10 ## Warning in geom_segment(aes(x = 4, y = 15, xend = 5, yend = 20), arrow = arrow(length = unit(0.3, : All aesthetics have length 1, but the data has 32 rows.[] 
 []

File: psych-stats-book_files/figure-latex/unnamed-chunk-80-1.pdf Graphic file (type pdf)
<use psych-stats-book_files/figure-latex/unnamed-chunk-80-1.pdf>

Underfull \hbox (badness 10000) in paragraph at lines 5985--5987
[][]
 []


Underfull \vbox (badness 10000) has occurred while \output is active []



[123]
File: psych-stats-book_files/figure-latex/unnamed-chunk-81-1.pdf Graphic file (type pdf)
<use psych-stats-book_files/figure-latex/unnamed-chunk-81-1.pdf>


[124]
File: psych-stats-book_files/figure-latex/unnamed-chunk-82-1.pdf Graphic file (type pdf)
<use psych-stats-book_files/figure-latex/unnamed-chunk-82-1.pdf>

Underfull \vbox (badness 10000) has occurred while \output is active []



[125]

[126]

[127]

[128]
File: psych-stats-book_files/figure-latex/unnamed-chunk-86-1.pdf Graphic file (type pdf)
<use psych-stats-book_files/figure-latex/unnamed-chunk-86-1.pdf>


[129]
File: psych-stats-book_files/figure-latex/unnamed-chunk-87-1.pdf Graphic file (type pdf)
<use psych-stats-book_files/figure-latex/unnamed-chunk-87-1.pdf>


[130]
File: psych-stats-book_files/figure-latex/unnamed-chunk-88-1.pdf Graphic file (type pdf)
<use psych-stats-book_files/figure-latex/unnamed-chunk-88-1.pdf>


[131]
File: psych-stats-book_files/figure-latex/unnamed-chunk-89-1.pdf Graphic file (type pdf)
<use psych-stats-book_files/figure-latex/unnamed-chunk-89-1.pdf>


[132]
File: psych-stats-book_files/figure-latex/unnamed-chunk-90-1.pdf Graphic file (type pdf)
<use psych-stats-book_files/figure-latex/unnamed-chunk-90-1.pdf>


[133]
File: psych-stats-book_files/figure-latex/unnamed-chunk-91-1.pdf Graphic file (type pdf)
<use psych-stats-book_files/figure-latex/unnamed-chunk-91-1.pdf>


[134]
File: psych-stats-book_files/figure-latex/unnamed-chunk-92-1.pdf Graphic file (type pdf)
<use psych-stats-book_files/figure-latex/unnamed-chunk-92-1.pdf>


[135]
File: psych-stats-book_files/figure-latex/unnamed-chunk-93-1.pdf Graphic file (type pdf)
<use psych-stats-book_files/figure-latex/unnamed-chunk-93-1.pdf>
File: psych-stats-book_files/figure-latex/unnamed-chunk-94-1.pdf Graphic file (type pdf)
<use psych-stats-book_files/figure-latex/unnamed-chunk-94-1.pdf>


[136]
File: psych-stats-book_files/figure-latex/unnamed-chunk-95-1.pdf Graphic file (type pdf)
<use psych-stats-book_files/figure-latex/unnamed-chunk-95-1.pdf>

Underfull \vbox (badness 10000) has occurred while \output is active []



[137]
File: psych-stats-book_files/figure-latex/unnamed-chunk-96-1.pdf Graphic file (type pdf)
<use psych-stats-book_files/figure-latex/unnamed-chunk-96-1.pdf>


[138]
File: psych-stats-book_files/figure-latex/unnamed-chunk-97-1.pdf Graphic file (type pdf)
<use psych-stats-book_files/figure-latex/unnamed-chunk-97-1.pdf>


[139]

[140]
File: psych-stats-book_files/figure-latex/unnamed-chunk-98-1.pdf Graphic file (type pdf)
<use psych-stats-book_files/figure-latex/unnamed-chunk-98-1.pdf>
File: psych-stats-book_files/figure-latex/unnamed-chunk-99-1.pdf Graphic file (type pdf)
<use psych-stats-book_files/figure-latex/unnamed-chunk-99-1.pdf>

Underfull \vbox (badness 10000) has occurred while \output is active []



[141]
File: psych-stats-book_files/figure-latex/unnamed-chunk-100-1.pdf Graphic file (type pdf)
<use psych-stats-book_files/figure-latex/unnamed-chunk-100-1.pdf>

Underfull \vbox (badness 10000) has occurred while \output is active []



[142]
File: psych-stats-book_files/figure-latex/unnamed-chunk-101-1.pdf Graphic file (type pdf)
<use psych-stats-book_files/figure-latex/unnamed-chunk-101-1.pdf>

Underfull \vbox (badness 10000) has occurred while \output is active []



[143]
File: psych-stats-book_files/figure-latex/unnamed-chunk-102-1.pdf Graphic file (type pdf)
<use psych-stats-book_files/figure-latex/unnamed-chunk-102-1.pdf>

Underfull \vbox (badness 10000) has occurred while \output is active []



[144]
File: psych-stats-book_files/figure-latex/unnamed-chunk-103-1.pdf Graphic file (type pdf)
<use psych-stats-book_files/figure-latex/unnamed-chunk-103-1.pdf>

Underfull \vbox (badness 10000) has occurred while \output is active []



[145]

[146]

[147]

[148]

[149]

[150]
Chapter 8.
Missing character: There is no ₀ ("2080) in font ec-lmr10!
Missing character: There is no ₁ ("2081) in font ec-lmr10!


[151

]
Missing character: There is no ₀ ("2080) in font ec-lmbx10!
Missing character: There is no ₁ ("2081) in font ec-lmbx10!
Missing character: There is no ₀ ("2080) in font ec-lmr10!
Missing character: There is no ₁ ("2081) in font ec-lmr10!
Missing character: There is no ₀ ("2080) in font ec-lmbx10!
Missing character: There is no ₁ ("2081) in font ec-lmbx10!
Missing character: There is no ₀ ("2080) in font ec-lmbx10!
Missing character: There is no ₀ ("2080) in font ec-lmbx10!
Missing character: There is no ₀ ("2080) in font ec-lmbx10!
Missing character: There is no ₁ ("2081) in font ec-lmbx10!
Missing character: There is no ₁ ("2081) in font ec-lmbx10!
Missing character: There is no ₁ ("2081) in font ec-lmbx10!
Missing character: There is no ₀ ("2080) in font ec-lmbx10!
Missing character: There is no ₀ ("2080) in font ec-lmbx10!
Missing character: There is no ₀ ("2080) in font ec-lmbx10!
Missing character: There is no ₁ ("2081) in font ec-lmbx10!
Missing character: There is no ₁ ("2081) in font ec-lmbx10!
Missing character: There is no ₁ ("2081) in font ec-lmbx10!


[152]
Missing character: There is no ₀ ("2080) in font ec-lmbx10!
Missing character: There is no ₀ ("2080) in font ec-lmbx10!
Missing character: There is no ₀ ("2080) in font ec-lmbx10!
Missing character: There is no ₁ ("2081) in font ec-lmbx10!
Missing character: There is no ₁ ("2081) in font ec-lmbx10!
Missing character: There is no ₁ ("2081) in font ec-lmbx10!
Missing character: There is no ₀ ("2080) in font ec-lmbx10!
Missing character: There is no ₀ ("2080) in font ec-lmbx10!
Missing character: There is no ₀ ("2080) in font ec-lmbx10!
Missing character: There is no ₁ ("2081) in font ec-lmbx10!
Missing character: There is no ₁ ("2081) in font ec-lmbx10!
Missing character: There is no ₁ ("2081) in font ec-lmbx10!
Missing character: There is no ₀ ("2080) in font ec-lmbx10!
Missing character: There is no ₀ ("2080) in font ec-lmbx10!
Missing character: There is no ₀ ("2080) in font ec-lmbx10!
Missing character: There is no ₁ ("2081) in font ec-lmbx10!
Missing character: There is no ₁ ("2081) in font ec-lmbx10!
Missing character: There is no ₁ ("2081) in font ec-lmbx10!


[153]

[154]
Missing character: There is no ≈ ("2248) in font ecrm1000!
Missing character: There is no − ("2212) in font ecrm1000!
Missing character: There is no − ("2212) in font ecrm1000!
Missing character: There is no ≈ ("2248) in font ecrm1000!


[155]

[156]
Missing character: There is no ̄ ("304) in font ecrm1000!
Missing character: There is no − ("2212) in font ecrm1000!
Missing character: There is no ̄ ("304) in font ecrm1000!
Missing character: There is no ̄ ("304) in font ecrm1000!
Missing character: There is no ̄ ("304) in font ecrm1000!
Missing character: There is no − ("2212) in font ecrm1000!
Missing character: There is no − ("2212) in font ecrm1000!
Missing character: There is no − ("2212) in font ecrm1000!
Missing character: There is no − ("2212) in font ecrm1000!


[157]

[158]

[159]

[160]

[161]

[162]
Missing character: There is no α ("3B1) in font ec-lmr10!
Missing character: There is no α ("3B1) in font ec-lmbx10!
Missing character: There is no α ("3B1) in font ec-lmbx10!


[163]

[164]

[165]

[166]

[167]

[168]
Chapter 9.


[169

]
File: psych-stats-book_files/figure-latex/unnamed-chunk-108-1.pdf Graphic file (type pdf)
<use psych-stats-book_files/figure-latex/unnamed-chunk-108-1.pdf>


[170]
File: psych-stats-book_files/figure-latex/unnamed-chunk-109-1.pdf Graphic file (type pdf)
<use psych-stats-book_files/figure-latex/unnamed-chunk-109-1.pdf>


[171]
File: psych-stats-book_files/figure-latex/unnamed-chunk-110-1.pdf Graphic file (type pdf)
<use psych-stats-book_files/figure-latex/unnamed-chunk-110-1.pdf>


[172]

[173]
File: psych-stats-book_files/figure-latex/unnamed-chunk-112-1.pdf Graphic file (type pdf)
<use psych-stats-book_files/figure-latex/unnamed-chunk-112-1.pdf>


[174]
Missing character: There is no ≤ ("2264) in font ecrm1000!
Missing character: There is no ≤ ("2264) in font ecrm1000!
Missing character: There is no ≥ ("2265) in font ecrm1000!


[175]
File: psych-stats-book_files/figure-latex/unnamed-chunk-113-1.pdf Graphic file (type pdf)
<use psych-stats-book_files/figure-latex/unnamed-chunk-113-1.pdf>

Underfull \vbox (badness 10000) has occurred while \output is active []



[176]
Missing character: There is no − ("2212) in font ecrm1000!


[177]
File: psych-stats-book_files/figure-latex/unnamed-chunk-114-1.pdf Graphic file (type pdf)
<use psych-stats-book_files/figure-latex/unnamed-chunk-114-1.pdf>


[178]

[179]

[180]

[181]

[182]

[183]
Chapter 10.


[184

]

[185]

[186]

[187]

[188]

[189]

[190]
Missing character: There is no − ("2212) in font ecrm1000!


[191]
File: psych-stats-book_files/figure-latex/unnamed-chunk-118-1.pdf Graphic file (type pdf)
<use psych-stats-book_files/figure-latex/unnamed-chunk-118-1.pdf>


[192]
File: psych-stats-book_files/figure-latex/unnamed-chunk-119-1.pdf Graphic file (type pdf)
<use psych-stats-book_files/figure-latex/unnamed-chunk-119-1.pdf>


[193]
File: psych-stats-book_files/figure-latex/unnamed-chunk-120-1.pdf Graphic file (type pdf)
<use psych-stats-book_files/figure-latex/unnamed-chunk-120-1.pdf>

Underfull \vbox (badness 10000) has occurred while \output is active []



[194]

[195]
File: psych-stats-book_files/figure-latex/unnamed-chunk-121-1.pdf Graphic file (type pdf)
<use psych-stats-book_files/figure-latex/unnamed-chunk-121-1.pdf>


[196]
File: psych-stats-book_files/figure-latex/unnamed-chunk-122-1.pdf Graphic file (type pdf)
<use psych-stats-book_files/figure-latex/unnamed-chunk-122-1.pdf>


[197]
File: psych-stats-book_files/figure-latex/unnamed-chunk-123-1.pdf Graphic file (type pdf)
<use psych-stats-book_files/figure-latex/unnamed-chunk-123-1.pdf>
File: psych-stats-book_files/figure-latex/unnamed-chunk-124-1.pdf Graphic file (type pdf)
<use psych-stats-book_files/figure-latex/unnamed-chunk-124-1.pdf>

Underfull \vbox (badness 1237) has occurred while \output is active []



[198]

[199]

[200]
File: psych-stats-book_files/figure-latex/unnamed-chunk-126-1.pdf Graphic file (type pdf)
<use psych-stats-book_files/figure-latex/unnamed-chunk-126-1.pdf>


[201]
File: psych-stats-book_files/figure-latex/unnamed-chunk-129-1.pdf Graphic file (type pdf)
<use psych-stats-book_files/figure-latex/unnamed-chunk-129-1.pdf>


[202]

[203]

[204]

[205]

[206]

[207]
Chapter 11.


[208

]

[209]

[210]

[211]

[212]

[213]
File: psych-stats-book_files/figure-latex/unnamed-chunk-134-1.pdf Graphic file (type pdf)
<use psych-stats-book_files/figure-latex/unnamed-chunk-134-1.pdf>

Underfull \vbox (badness 10000) has occurred while \output is active []



[214]

[215]

[216]
File: psych-stats-book_files/figure-latex/unnamed-chunk-135-1.pdf Graphic file (type pdf)
<use psych-stats-book_files/figure-latex/unnamed-chunk-135-1.pdf>


[217]

[218]

[219]

[220]

[221]

[222]
Overfull \hbox (6.76761pt too wide) in paragraph at lines 11135--11136
[]\T1/lmr/m/n/10 1. What are the main ef-fects of \T1/lmtt/m/n/10 Study_Time\T1/lmr/m/n/10 , \T1/lmtt/m/n/10 Sleep_Quality\T1/lmr/m/n/10 , and \T1/lmtt/m/n/10 Stress_Levels \T1/lmr/m/n/10 on \T1/lmtt/m/n/10 Academic_Performance\T1/lmr/m/n/10 ? 
 []



[223]

[224]
Chapter 12.


[225

]

[226]

[227]

[228]
File: psych-stats-book_files/figure-latex/unnamed-chunk-147-1.pdf Graphic file (type pdf)
<use psych-stats-book_files/figure-latex/unnamed-chunk-147-1.pdf>

Underfull \vbox (badness 10000) has occurred while \output is active []



[229]

[230]

[231]
File: ../../../AppData/Local/Temp/Rtmp46Ilwh/file83f474a02e39.png Graphic file (type bmp)
<../../../AppData/Local/Temp/Rtmp46Ilwh/file83f474a02e39.png>


[232]

[233]
File: psych-stats-book_files/figure-latex/unnamed-chunk-151-1.pdf Graphic file (type pdf)
<use psych-stats-book_files/figure-latex/unnamed-chunk-151-1.pdf>


[234]

[235]

[236]
File: psych-stats-book_files/figure-latex/unnamed-chunk-154-1.pdf Graphic file (type pdf)
<use psych-stats-book_files/figure-latex/unnamed-chunk-154-1.pdf>


[237]

[238]
File: psych-stats-book_files/figure-latex/unnamed-chunk-155-1.pdf Graphic file (type pdf)
<use psych-stats-book_files/figure-latex/unnamed-chunk-155-1.pdf>


[239]

[240]
File: ../../../AppData/Local/Temp/Rtmp46Ilwh/file83f46c855383.png Graphic file (type bmp)
<../../../AppData/Local/Temp/Rtmp46Ilwh/file83f46c855383.png>


[241]
Underfull \hbox (badness 1253) in paragraph at lines 12087--12089
[]\T1/lmtt/m/n/10 plot3d()\T1/lmr/m/n/10 : This func-tion ini-tial-izes the 3D plot with the grid de-fined by \T1/lmtt/m/n/10 age_matrix\T1/lmr/m/n/10 ,
 []



[242]
File: psych-stats-book_files/figure-latex/unnamed-chunk-157-1.pdf Graphic file (type pdf)
<use psych-stats-book_files/figure-latex/unnamed-chunk-157-1.pdf>

Underfull \vbox (badness 10000) has occurred while \output is active []



[243]

[244]
Underfull \hbox (badness 10000) in paragraph at lines 12217--12219
[]\T1/lmtt/m/n/10 labs(title = "Effect of Study Hours on Test Scores by Grade Level", x = "Study
 []



[245]
File: psych-stats-book_files/figure-latex/unnamed-chunk-158-1.pdf Graphic file (type pdf)
<use psych-stats-book_files/figure-latex/unnamed-chunk-158-1.pdf>


[246]

[247]

[248]

[249]

[250]
Chapter 13.


[251

]
Missing character: There is no − ("2212) in font ecrm0700!
Missing character: There is no 𝛽 ("1D6FD) in font ecrm0700!
Missing character: There is no 𝛽 ("1D6FD) in font ecrm0700!
Missing character: There is no 𝛽 ("1D6FD) in font ecrm0700!
Missing character: There is no 𝛽 ("1D6FD) in font ecrm0700!
Missing character: There is no 𝛽 ("1D6FD) in font ecrm1000!
Missing character: There is no 𝛽 ("1D6FD) in font ecrm1000!
Missing character: There is no 𝛽 ("1D6FD) in font ecrm1000!
Missing character: There is no 𝛽 ("1D6FD) in font ecrm1000!


[252]

[253]
Missing character: There is no 𝛽 ("1D6FD) in font ecrm1000!
Missing character: There is no 𝛽 ("1D6FD) in font ecrm1000!


[254]
File: psych-stats-book_files/figure-latex/unnamed-chunk-168-1.pdf Graphic file (type pdf)
<use psych-stats-book_files/figure-latex/unnamed-chunk-168-1.pdf>


[255]

[256]

[257]

[258]
File: psych-stats-book_files/figure-latex/unnamed-chunk-171-1.pdf Graphic file (type pdf)
<use psych-stats-book_files/figure-latex/unnamed-chunk-171-1.pdf>

Underfull \vbox (badness 2644) has occurred while \output is active []



[259]
File: psych-stats-book_files/figure-latex/unnamed-chunk-172-1.pdf Graphic file (type pdf)
<use psych-stats-book_files/figure-latex/unnamed-chunk-172-1.pdf>


[260]

[261]

[262]

[263]

[264]
File: psych-stats-book_files/figure-latex/unnamed-chunk-174-1.pdf Graphic file (type pdf)
<use psych-stats-book_files/figure-latex/unnamed-chunk-174-1.pdf>

Underfull \vbox (badness 10000) has occurred while \output is active []



[265]

[266]
File: psych-stats-book_files/figure-latex/unnamed-chunk-175-1.pdf Graphic file (type pdf)
<use psych-stats-book_files/figure-latex/unnamed-chunk-175-1.pdf>


[267]

[268]

[269]

[270]

[271]
Chapter 14.


[272

]

[273]

[274]

[275]

[276]

[277]

[278]
Missing character: There is no ₀ ("2080) in font ec-lmbx10!


[279]
Missing character: There is no ₁ ("2081) in font ec-lmbx10!


[280]

[281]
Missing character: There is no ₁ ("2081) in font ec-lmbx10!
Missing character: There is no ₂ ("2082) in font ec-lmbx10!
Missing character: There is no ₁ ("2081) in font ec-lmr10!
Missing character: There is no ₂ ("2082) in font ec-lmr10!


[282]
File: psych-stats-book_files/figure-latex/unnamed-chunk-185-1.pdf Graphic file (type pdf)
<use psych-stats-book_files/figure-latex/unnamed-chunk-185-1.pdf>


[283]

[284]

[285]

[286]

[287]

[288]

[289]
Chapter 15.
Missing character: There is no ₀ ("2080) in font ec-lmbx10!
Missing character: There is no ₁ ("2081) in font ec-lmbx10!


[290

]

[291]
Missing character: There is no ₀ ("2080) in font ec-lmr10!


[292]
Missing character: There is no ₀ ("2080) in font ec-lmr10!


[293]

[294]

[295]

[296]
Missing character: There is no α ("3B1) in font ec-lmr10!


[297]

[298]

[299]

[300]

[301]

[302]

[303]

[304]

[305]

[306]

[307]

[308]

[309]

[310]

[311

]

[312]

[313]

[314]

[315]

[316]

[317]

[318]

[319]
File: psych-stats-book_files/figure-latex/unnamed-chunk-202-1.pdf Graphic file (type pdf)
<use psych-stats-book_files/figure-latex/unnamed-chunk-202-1.pdf>

Underfull \vbox (badness 10000) has occurred while \output is active []



[320]
File: psych-stats-book_files/figure-latex/unnamed-chunk-203-1.pdf Graphic file (type pdf)
<use psych-stats-book_files/figure-latex/unnamed-chunk-203-1.pdf>

Underfull \vbox (badness 10000) has occurred while \output is active []



[321]

[322]
File: psych-stats-book_files/figure-latex/unnamed-chunk-206-1.pdf Graphic file (type pdf)
<use psych-stats-book_files/figure-latex/unnamed-chunk-206-1.pdf>


[323]
File: psych-stats-book_files/figure-latex/unnamed-chunk-209-1.pdf Graphic file (type pdf)
<use psych-stats-book_files/figure-latex/unnamed-chunk-209-1.pdf>

Underfull \vbox (badness 3815) has occurred while \output is active []



[324]

[325]
File: psych-stats-book_files/figure-latex/unnamed-chunk-212-1.pdf Graphic file (type pdf)
<use psych-stats-book_files/figure-latex/unnamed-chunk-212-1.pdf>


[326]
File: psych-stats-book_files/figure-latex/unnamed-chunk-216-1.pdf Graphic file (type pdf)
<use psych-stats-book_files/figure-latex/unnamed-chunk-216-1.pdf>


[327]

[328]
File: psych-stats-book_files/figure-latex/unnamed-chunk-217-1.pdf Graphic file (type pdf)
<use psych-stats-book_files/figure-latex/unnamed-chunk-217-1.pdf>


[329]
File: psych-stats-book_files/figure-latex/unnamed-chunk-218-1.pdf Graphic file (type pdf)
<use psych-stats-book_files/figure-latex/unnamed-chunk-218-1.pdf>


[330]

[331]

[332]

[333]
File: psych-stats-book_files/figure-latex/unnamed-chunk-225-1.pdf Graphic file (type pdf)
<use psych-stats-book_files/figure-latex/unnamed-chunk-225-1.pdf>

Underfull \vbox (badness 10000) has occurred while \output is active []



[334]

[335]

[336]
File: psych-stats-book_files/figure-latex/unnamed-chunk-227-1.pdf Graphic file (type pdf)
<use psych-stats-book_files/figure-latex/unnamed-chunk-227-1.pdf>


[337]

[338]
File: psych-stats-book_files/figure-latex/unnamed-chunk-228-1.pdf Graphic file (type pdf)
<use psych-stats-book_files/figure-latex/unnamed-chunk-228-1.pdf>


[339]

[340]

[341]
File: psych-stats-book_files/figure-latex/unnamed-chunk-231-1.pdf Graphic file (type pdf)
<use psych-stats-book_files/figure-latex/unnamed-chunk-231-1.pdf>

Underfull \vbox (badness 10000) has occurred while \output is active []



[342]

[343]

[344]

[345]
File: psych-stats-book_files/figure-latex/unnamed-chunk-233-1.pdf Graphic file (type pdf)
<use psych-stats-book_files/figure-latex/unnamed-chunk-233-1.pdf>


[346]
File: psych-stats-book_files/figure-latex/unnamed-chunk-234-1.pdf Graphic file (type pdf)
<use psych-stats-book_files/figure-latex/unnamed-chunk-234-1.pdf>

Underfull \vbox (badness 1810) has occurred while \output is active []



[347]

[348]
File: psych-stats-book_files/figure-latex/unnamed-chunk-235-1.pdf Graphic file (type pdf)
<use psych-stats-book_files/figure-latex/unnamed-chunk-235-1.pdf>

Underfull \vbox (badness 10000) has occurred while \output is active []



[349]

[350]
File: psych-stats-book_files/figure-latex/unnamed-chunk-236-1.pdf Graphic file (type pdf)
<use psych-stats-book_files/figure-latex/unnamed-chunk-236-1.pdf>


[351]
File: ../../../AppData/Local/Temp/Rtmp46Ilwh/file83f4101c425a.png Graphic file (type bmp)
<../../../AppData/Local/Temp/Rtmp46Ilwh/file83f4101c425a.png>
File: psych-stats-book_files/figure-latex/unnamed-chunk-236-3.pdf Graphic file (type pdf)
<use psych-stats-book_files/figure-latex/unnamed-chunk-236-3.pdf>

Underfull \vbox (badness 10000) has occurred while \output is active []



[352]

[353]

[354]
File: psych-stats-book_files/figure-latex/unnamed-chunk-238-1.pdf Graphic file (type pdf)
<use psych-stats-book_files/figure-latex/unnamed-chunk-238-1.pdf>

Underfull \vbox (badness 10000) has occurred while \output is active []



[355]

[356]
File: psych-stats-book_files/figure-latex/unnamed-chunk-240-1.pdf Graphic file (type pdf)
<use psych-stats-book_files/figure-latex/unnamed-chunk-240-1.pdf>


[357]

[358]
File: psych-stats-book_files/figure-latex/unnamed-chunk-244-1.pdf Graphic file (type pdf)
<use psych-stats-book_files/figure-latex/unnamed-chunk-244-1.pdf>


[359]

[360]
Underfull \hbox (badness 10000) in paragraph at lines 19059--19061

 []



[361]
Underfull \hbox (badness 10000) in paragraph at lines 19071--19073

 []


Underfull \hbox (badness 10000) in paragraph at lines 19083--19085

 []


Underfull \hbox (badness 10000) in paragraph at lines 19085--19087

 []



[362] (./psych-stats-book.aux)
 ***********
LaTeX2e <2024-06-01> patch level 2
L3 programming layer <2024-07-20>
 ***********

LaTeX Font Warning: Some font shapes were not available, defaults substituted.

 ) 
Here is how much of TeX's memory you used:
 21821 strings out of 476233
 447292 string characters out of 5785517
 1931612 words of memory out of 5000000
 43992 multiletter control sequences out of 15000+600000
 623025 words of font info for 99 fonts, out of 8000000 for 9000
 14 hyphenation exceptions out of 8191
 90i,12n,122p,1013b,728s stack positions out of 10000i,1000n,20000p,200000b,200000s

Output written on psych-stats-book.pdf (362 pages).
